14:38:21 **** Incremental Build of configuration Nios II for project WS2812_Test ****
make all 
Info: Building ../WS2812_Test_bsp/
K:/intelFPGA/18.1/nios2eds/bin/gnu/H-x86_64-mingw32/bin/make --no-print-directory -C ../WS2812_Test_bsp/
[BSP build complete]
Info: Compiling main.c to obj/default/main.o
nios2-elf-gcc -xc -MP -MMD -c -I../WS2812_Test_bsp//HAL/inc -I../WS2812_Test_bsp/ -I../WS2812_Test_bsp//drivers/inc  -pipe -D__hal__ -DALT_NO_INSTRUCTION_EMULATION -DALT_SINGLE_THREADED    -O0 -g -Wall   -mno-hw-div -mhw-mul -mno-hw-mulx -mgpopt=global  -o obj/default/main.o main.c
Info: Linking WS2812_Test.elf
nios2-elf-g++  -T'../WS2812_Test_bsp//linker.x' -msys-crt0='../WS2812_Test_bsp//obj/HAL/src/crt0.o' -msys-lib=hal_bsp -L../WS2812_Test_bsp/   -Wl,-Map=WS2812_Test.map   -O0 -g -Wall   -mno-hw-div -mhw-mul -mno-hw-mulx -mgpopt=global  -o WS2812_Test.elf obj/default/main.o -lm -msys-lib=m
nios2-elf-insert WS2812_Test.elf --thread_model hal --cpu_name nios2_gen2 --qsys true --simulation_enabled false --id 0 --sidp 0x30 --timestamp 1561098479 --stderr_dev jtag_uart --stdin_dev jtag_uart --stdout_dev jtag_uart --sopc_system_name Qsys --quartus_project_dir "K:/DE_CORE/nick/svn/RGBLED_NIOS_EXT" --jdi ../..//output_files/DE_CORE.jdi --sopcinfo K:/DE_CORE/nick/svn/RGBLED_NIOS_EXT/software/WS2812_Test_bsp/../../Qsys.sopcinfo
Info: (WS2812_Test.elf) 31 KBytes program size (code + initialized data).
Info:                   79 KBytes free for stack + heap.
Info: Creating WS2812_Test.objdump
nios2-elf-objdump --disassemble --syms --all-header --source WS2812_Test.elf >WS2812_Test.objdump
[WS2812_Test build complete]
14:38:24 **** Incremental Build of configuration Nios II for project WS2812_Test ****
make all 
Info: Building ../WS2812_Test_bsp/
K:/intelFPGA/18.1/nios2eds/bin/gnu/H-x86_64-mingw32/bin/make --no-print-directory -C ../WS2812_Test_bsp/
[BSP build complete]
[WS2812_Test build complete]
