Flow report for T_CORE
Mon Aug  3 14:35:02 2020
Quartus Prime Version 19.1.0 Build 670 09/22/2019 SJ Lite Edition


---------------------
; Table of Contents ;
---------------------
  1. Legal Notice
  2. Flow Summary
  3. Flow Settings
  4. Flow Non-Default Global Settings
  5. Flow Elapsed Time
  6. Flow OS Summary
  7. Flow Log
  8. Flow Messages
  9. Flow Suppressed Messages



----------------
; Legal Notice ;
----------------
Copyright (C) 2019  Intel Corporation. All rights reserved.
Your use of Intel Corporation's design tools, logic functions 
and other software and tools, and any partner logic 
functions, and any output files from any of the foregoing 
(including device programming or simulation files), and any 
associated documentation or information are expressly subject 
to the terms and conditions of the Intel Program License 
Subscription Agreement, the Intel Quartus Prime License Agreement,
the Intel FPGA IP License Agreement, or other applicable license
agreement, including, without limitation, that your use is for
the sole purpose of programming logic devices manufactured by
Intel and sold by Intel or its authorized distributors.  Please
refer to the applicable agreement for further details, at
https://fpgasoftware.intel.com/eula.



+----------------------------------------------------------------------------------+
; Flow Summary                                                                     ;
+------------------------------------+---------------------------------------------+
; Flow Status                        ; Successful - Mon Aug  3 14:34:46 2020       ;
; Quartus Prime Version              ; 19.1.0 Build 670 09/22/2019 SJ Lite Edition ;
; Revision Name                      ; T_CORE                                      ;
; Top-level Entity Name              ; T_CORE                                      ;
; Family                             ; MAX 10                                      ;
; Device                             ; 10M50DAF484C7G                              ;
; Timing Models                      ; Final                                       ;
; Total logic elements               ; 17,166 / 49,760 ( 34 % )                    ;
;     Total combinational functions  ; 15,579 / 49,760 ( 31 % )                    ;
;     Dedicated logic registers      ; 7,130 / 49,760 ( 14 % )                     ;
; Total registers                    ; 7130                                        ;
; Total pins                         ; 57 / 360 ( 16 % )                           ;
; Total virtual pins                 ; 0                                           ;
; Total memory bits                  ; 1,048,576 / 1,677,312 ( 63 % )              ;
; Embedded Multiplier 9-bit elements ; 24 / 288 ( 8 % )                            ;
; Total PLLs                         ; 2 / 4 ( 50 % )                              ;
; UFM blocks                         ; 0 / 1 ( 0 % )                               ;
; ADC blocks                         ; 0 / 2 ( 0 % )                               ;
+------------------------------------+---------------------------------------------+


+-----------------------------------------+
; Flow Settings                           ;
+-------------------+---------------------+
; Option            ; Setting             ;
+-------------------+---------------------+
; Start date & time ; 08/03/2020 14:30:29 ;
; Main task         ; Compilation         ;
; Revision Name     ; T_CORE              ;
+-------------------+---------------------+


+-------------------------------------------------------------------------------------------------------------------------+
; Flow Non-Default Global Settings                                                                                        ;
+-------------------------------------+----------------------------------------+---------------+-------------+------------+
; Assignment Name                     ; Value                                  ; Default Value ; Entity Name ; Section Id ;
+-------------------------------------+----------------------------------------+---------------+-------------+------------+
; COMPILER_SIGNATURE_ID               ; 277341401585773.159643622914087        ; --            ; --          ; --         ;
; MAX_CORE_JUNCTION_TEMP              ; 85                                     ; --            ; --          ; --         ;
; MIN_CORE_JUNCTION_TEMP              ; 0                                      ; --            ; --          ; --         ;
; MISC_FILE                           ; pll/pll_16m/pll_16m_bb.v               ; --            ; --          ; --         ;
; MISC_FILE                           ; pll/pll_16m/pll_16m.ppf                ; --            ; --          ; --         ;
; MISC_FILE                           ; pll/pll_8m388/pll_8m388_inst.v         ; --            ; --          ; --         ;
; MISC_FILE                           ; pll/pll_8m388/pll_8m388.ppf            ; --            ; --          ; --         ;
; PARTITION_COLOR                     ; -- (Not supported for targeted family) ; --            ; --          ; Top        ;
; PARTITION_FITTER_PRESERVATION_LEVEL ; -- (Not supported for targeted family) ; --            ; --          ; Top        ;
; PARTITION_NETLIST_TYPE              ; -- (Not supported for targeted family) ; --            ; --          ; Top        ;
; POWER_BOARD_THERMAL_MODEL           ; None (CONSERVATIVE)                    ; --            ; --          ; --         ;
; POWER_PRESET_COOLING_SOLUTION       ; 23 MM HEAT SINK WITH 200 LFPM AIRFLOW  ; --            ; --          ; --         ;
; PROJECT_OUTPUT_DIRECTORY            ; output_files                           ; --            ; --          ; --         ;
+-------------------------------------+----------------------------------------+---------------+-------------+------------+


+--------------------------------------------------------------------------------------------------------------------------+
; Flow Elapsed Time                                                                                                        ;
+----------------------+--------------+-------------------------+---------------------+------------------------------------+
; Module Name          ; Elapsed Time ; Average Processors Used ; Peak Virtual Memory ; Total CPU Time (on all processors) ;
+----------------------+--------------+-------------------------+---------------------+------------------------------------+
; Analysis & Synthesis ; 00:02:56     ; 1.0                     ; 3728 MB             ; 00:03:03                           ;
; Fitter               ; 00:01:12     ; 1.5                     ; 1876 MB             ; 00:02:23                           ;
; Assembler            ; 00:00:03     ; 1.0                     ; 899 MB              ; 00:00:03                           ;
; Timing Analyzer      ; 00:00:15     ; 2.4                     ; 1112 MB             ; 00:00:33                           ;
; Total                ; 00:04:26     ; --                      ; --                  ; 00:06:02                           ;
+----------------------+--------------+-------------------------+---------------------+------------------------------------+


+----------------------------------------------------------------------------------------+
; Flow OS Summary                                                                        ;
+----------------------+------------------+----------------+------------+----------------+
; Module Name          ; Machine Hostname ; OS Name        ; OS Version ; Processor type ;
+----------------------+------------------+----------------+------------+----------------+
; Analysis & Synthesis ; terasic          ; Ubuntu 16.04.2 ; 16         ; x86_64         ;
; Fitter               ; terasic          ; Ubuntu 16.04.2 ; 16         ; x86_64         ;
; Assembler            ; terasic          ; Ubuntu 16.04.2 ; 16         ; x86_64         ;
; Timing Analyzer      ; terasic          ; Ubuntu 16.04.2 ; 16         ; x86_64         ;
+----------------------+------------------+----------------+------------+----------------+


------------
; Flow Log ;
------------
quartus_map --read_settings_files=on --write_settings_files=off T_CORE -c T_CORE
quartus_fit --read_settings_files=off --write_settings_files=off T_CORE -c T_CORE
quartus_asm --read_settings_files=off --write_settings_files=off T_CORE -c T_CORE
quartus_sta T_CORE -c T_CORE



