Flow report for fpu
Fri Sep  5 19:57:02 2025
Quartus Prime Version 24.1std.0 Build 1077 03/04/2025 SC Lite Edition


---------------------
; Table of Contents ;
---------------------
  1. Legal Notice
  2. Flow Summary
  3. Flow Settings
  4. Flow Non-Default Global Settings
  5. Flow Elapsed Time
  6. Flow OS Summary
  7. Flow Log
  8. Flow Messages
  9. Flow Suppressed Messages



----------------
; Legal Notice ;
----------------
Copyright (C) 2025  Altera Corporation. All rights reserved.
Your use of Altera Corporation's design tools, logic functions 
and other software and tools, and any partner logic 
functions, and any output files from any of the foregoing 
(including device programming or simulation files), and any 
associated documentation or information are expressly subject 
to the terms and conditions of the Altera Program License 
Subscription Agreement, the Altera Quartus Prime License Agreement,
the Altera IP License Agreement, or other applicable license
agreement, including, without limitation, that your use is for
the sole purpose of programming logic devices manufactured by
Altera and sold by Altera or its authorized distributors.  Please
refer to the Altera Software License Subscription Agreements 
on the Quartus Prime software download page.



+-----------------------------------------------------------------------------------+
; Flow Summary                                                                      ;
+---------------------------------+-------------------------------------------------+
; Flow Status                     ; Successful - Fri Sep  5 19:57:02 2025           ;
; Quartus Prime Version           ; 24.1std.0 Build 1077 03/04/2025 SC Lite Edition ;
; Revision Name                   ; fpu                                             ;
; Top-level Entity Name           ; fpu                                             ;
; Family                          ; Cyclone V                                       ;
; Device                          ; 5CGTFD9E5F35C7                                  ;
; Timing Models                   ; Final                                           ;
; Logic utilization (in ALMs)     ; 424 / 113,560 ( < 1 % )                         ;
; Total registers                 ; 418                                             ;
; Total pins                      ; 355 / 616 ( 58 % )                              ;
; Total virtual pins              ; 0                                               ;
; Total block memory bits         ; 0 / 12,492,800 ( 0 % )                          ;
; Total DSP Blocks                ; 0 / 342 ( 0 % )                                 ;
; Total HSSI RX PCSs              ; 0 / 12 ( 0 % )                                  ;
; Total HSSI PMA RX Deserializers ; 0 / 12 ( 0 % )                                  ;
; Total HSSI TX PCSs              ; 0 / 12 ( 0 % )                                  ;
; Total HSSI PMA TX Serializers   ; 0 / 12 ( 0 % )                                  ;
; Total PLLs                      ; 0 / 20 ( 0 % )                                  ;
; Total DLLs                      ; 0 / 4 ( 0 % )                                   ;
+---------------------------------+-------------------------------------------------+


+-----------------------------------------+
; Flow Settings                           ;
+-------------------+---------------------+
; Option            ; Setting             ;
+-------------------+---------------------+
; Start date & time ; 09/05/2025 19:54:18 ;
; Main task         ; Compilation         ;
; Revision Name     ; fpu                 ;
+-------------------+---------------------+


+-------------------------------------------------------------------------------------------------------------------------------------------------+
; Flow Non-Default Global Settings                                                                                                                ;
+--------------------------------------+----------------------------------------+---------------+-------------+-----------------------------------+
; Assignment Name                      ; Value                                  ; Default Value ; Entity Name ; Section Id                        ;
+--------------------------------------+----------------------------------------+---------------+-------------+-----------------------------------+
; COMPILER_SIGNATURE_ID                ; 140870670246341.175707325816065        ; --            ; --          ; --                                ;
; EDA_DESIGN_INSTANCE_NAME             ; NA                                     ; --            ; --          ; fpu_tb                            ;
; EDA_GENERATE_FUNCTIONAL_NETLIST      ; Off                                    ; --            ; --          ; eda_board_design_timing           ;
; EDA_GENERATE_FUNCTIONAL_NETLIST      ; Off                                    ; --            ; --          ; eda_board_design_boundary_scan    ;
; EDA_GENERATE_FUNCTIONAL_NETLIST      ; Off                                    ; --            ; --          ; eda_board_design_signal_integrity ;
; EDA_GENERATE_FUNCTIONAL_NETLIST      ; Off                                    ; --            ; --          ; eda_board_design_symbol           ;
; EDA_NATIVELINK_SIMULATION_TEST_BENCH ; fpu_tb                                 ; --            ; --          ; eda_simulation                    ;
; EDA_OUTPUT_DATA_FORMAT               ; Verilog Hdl                            ; --            ; --          ; eda_simulation                    ;
; EDA_SIMULATION_TOOL                  ; Questa Intel FPGA (Verilog)            ; <None>        ; --          ; --                                ;
; EDA_TEST_BENCH_ENABLE_STATUS         ; TEST_BENCH_MODE                        ; --            ; --          ; eda_simulation                    ;
; EDA_TEST_BENCH_FILE                  ; ../rtl/fpu_0_tb.v                      ; --            ; --          ; fpu_tb                            ;
; EDA_TEST_BENCH_MODULE_NAME           ; fpu_tb                                 ; --            ; --          ; fpu_tb                            ;
; EDA_TEST_BENCH_NAME                  ; fpu_tb                                 ; --            ; --          ; eda_simulation                    ;
; EDA_TIME_SCALE                       ; 1 ps                                   ; --            ; --          ; eda_simulation                    ;
; MAX_CORE_JUNCTION_TEMP               ; 85                                     ; --            ; --          ; --                                ;
; MIN_CORE_JUNCTION_TEMP               ; 0                                      ; --            ; --          ; --                                ;
; PARTITION_COLOR                      ; -- (Not supported for targeted family) ; --            ; --          ; Top                               ;
; PARTITION_FITTER_PRESERVATION_LEVEL  ; -- (Not supported for targeted family) ; --            ; --          ; Top                               ;
; PARTITION_NETLIST_TYPE               ; -- (Not supported for targeted family) ; --            ; --          ; Top                               ;
; POWER_BOARD_THERMAL_MODEL            ; None (CONSERVATIVE)                    ; --            ; --          ; --                                ;
; POWER_PRESET_COOLING_SOLUTION        ; 23 MM HEAT SINK WITH 200 LFPM AIRFLOW  ; --            ; --          ; --                                ;
; PROJECT_OUTPUT_DIRECTORY             ; output_files                           ; --            ; --          ; --                                ;
+--------------------------------------+----------------------------------------+---------------+-------------+-----------------------------------+


+--------------------------------------------------------------------------------------------------------------------------+
; Flow Elapsed Time                                                                                                        ;
+----------------------+--------------+-------------------------+---------------------+------------------------------------+
; Module Name          ; Elapsed Time ; Average Processors Used ; Peak Virtual Memory ; Total CPU Time (on all processors) ;
+----------------------+--------------+-------------------------+---------------------+------------------------------------+
; Analysis & Synthesis ; 00:00:14     ; 1.0                     ; 470 MB              ; 00:00:20                           ;
; Fitter               ; 00:01:52     ; 1.0                     ; 2267 MB             ; 00:03:06                           ;
; Assembler            ; 00:00:15     ; 1.0                     ; 526 MB              ; 00:00:13                           ;
; Timing Analyzer      ; 00:00:11     ; 1.4                     ; 988 MB              ; 00:00:12                           ;
; EDA Netlist Writer   ; 00:00:02     ; 1.0                     ; 691 MB              ; 00:00:01                           ;
; Total                ; 00:02:34     ; --                      ; --                  ; 00:03:52                           ;
+----------------------+--------------+-------------------------+---------------------+------------------------------------+


+-----------------------------------------------------------------------------------------------+
; Flow OS Summary                                                                               ;
+----------------------+--------------------------------+---------+------------+----------------+
; Module Name          ; Machine Hostname               ; OS Name ; OS Version ; Processor type ;
+----------------------+--------------------------------+---------+------------+----------------+
; Analysis & Synthesis ; rissun57-To-be-filled-by-O-E-M ; Ubuntu  ; 24         ; x86_64         ;
; Fitter               ; rissun57-To-be-filled-by-O-E-M ; Ubuntu  ; 24         ; x86_64         ;
; Assembler            ; rissun57-To-be-filled-by-O-E-M ; Ubuntu  ; 24         ; x86_64         ;
; Timing Analyzer      ; rissun57-To-be-filled-by-O-E-M ; Ubuntu  ; 24         ; x86_64         ;
; EDA Netlist Writer   ; rissun57-To-be-filled-by-O-E-M ; Ubuntu  ; 24         ; x86_64         ;
+----------------------+--------------------------------+---------+------------+----------------+


------------
; Flow Log ;
------------
quartus_map --read_settings_files=on --write_settings_files=off fpu -c fpu
quartus_fit --read_settings_files=off --write_settings_files=off fpu -c fpu
quartus_asm --read_settings_files=off --write_settings_files=off fpu -c fpu
quartus_sta fpu -c fpu
quartus_eda --read_settings_files=off --write_settings_files=off fpu -c fpu



